<?xml version="1.0" encoding="UTF-8"?>
<!-- Generated by org.testng.reporters.JUnitReportReporter -->
<testsuite hostname="DESKTOP-7DVPGSP" failures="0" tests="1" name="TestCases.AddToCart2" time="0.011" errors="0" timestamp="2024-01-02T12:25:51 IST" skipped="0">
  <testcase classname="TestCases.AddToCart2" name="AddToCart" time="0.011"/>
</testsuite> <!-- TestCases.AddToCart2 -->
